2022-03-03T16:55:26+00:00 CRITICAL Maximum execution time of 120 seconds exceeded in C:\wamp642\www\client_plugin\wp-content\plugins\elementor\core\kits\documents\tabs\settings-custom-css.php on line 6

2022-03-03T16:57:46+00:00 CRITICAL Maximum execution time of 120 seconds exceeded in C:\wamp642\www\client_plugin\wp-includes\Requests\Transport\cURL.php on line 483

2022-03-03T20:27:48+00:00 CRITICAL Uncaught Error: Call to private method database::db_connect() from context '' in C:\wamp642\www\client_plugin\wp-content\plugins\academic\lib\paypal\process.php:278
Stack trace:
#0 {main}
  thrown in C:\wamp642\www\client_plugin\wp-content\plugins\academic\lib\paypal\process.php on line 278

2022-03-03T21:35:14+00:00 CRITICAL Uncaught Error: Call to private method database::db_connect() from context '' in C:\wamp642\www\client_plugin\wp-content\plugins\academic\lib\paypal\process.php:278
Stack trace:
#0 {main}
  thrown in C:\wamp642\www\client_plugin\wp-content\plugins\academic\lib\paypal\process.php on line 278

2022-03-03T21:43:29+00:00 CRITICAL Uncaught Error: Call to private method database::db_connect() from context '' in C:\wamp642\www\client_plugin\wp-content\plugins\academic\lib\paypal\process.php:278
Stack trace:
#0 {main}
  thrown in C:\wamp642\www\client_plugin\wp-content\plugins\academic\lib\paypal\process.php on line 278

2022-03-03T21:43:50+00:00 CRITICAL Uncaught Error: Call to private method database::db_connect() from context '' in C:\wamp642\www\client_plugin\wp-content\plugins\academic\lib\paypal\process.php:278
Stack trace:
#0 {main}
  thrown in C:\wamp642\www\client_plugin\wp-content\plugins\academic\lib\paypal\process.php on line 278

2022-03-03T21:54:26+00:00 CRITICAL Uncaught Error: Call to private method database::db_connect() from context '' in C:\wamp642\www\client_plugin\wp-content\plugins\academic\lib\paypal\process.php:278
Stack trace:
#0 {main}
  thrown in C:\wamp642\www\client_plugin\wp-content\plugins\academic\lib\paypal\process.php on line 278

2022-03-03T21:59:37+00:00 CRITICAL Uncaught PDOException: PDO::__construct(): php_network_getaddresses: getaddrinfo failed: No such host is known.  in C:\wamp642\www\client_plugin\wp-content\plugins\academic\lib\paypal\connection.php:34
Stack trace:
#0 C:\wamp642\www\client_plugin\wp-content\plugins\academic\lib\paypal\connection.php(34): PDO->__construct('mysql:host=loca...', 'root', '')
#1 C:\wamp642\www\client_plugin\wp-content\plugins\academic\lib\paypal\connection.php(13): database->pdo_db_connect()
#2 C:\wamp642\www\client_plugin\wp-content\plugins\academic\lib\paypal\process.php(277): database->__construct()
#3 {main}

Next PDOException: SQLSTATE[HY000] [2002] php_network_getaddresses: getaddrinfo failed: No such host is known.  in C:\wamp642\www\client_plugin\wp-content\plugins\academic\lib\paypal\connection.php:34
Stack trace:
#0 C:\wamp642\www\client_plugin\wp-content\plugins\academic\lib\paypal\connection.php(34): PDO->__construct('mysql:host=loca...', 'root', '')
#1 C:\wamp642\www\client_plugin\wp-content\plugins\academic\lib\paypa in C:\wamp642\www\client_plugin\wp-content\plugins\academic\lib\paypal\connection.php on line 34

2022-03-03T22:01:10+00:00 CRITICAL Uncaught Error: Call to undefined method database::mysqli_query() in C:\wamp642\www\client_plugin\wp-content\plugins\academic\lib\paypal\process.php:294
Stack trace:
#0 {main}
  thrown in C:\wamp642\www\client_plugin\wp-content\plugins\academic\lib\paypal\process.php on line 294

2022-03-03T22:03:48+00:00 CRITICAL Uncaught Error: Call to undefined method database::mysqli_query() in C:\wamp642\www\client_plugin\wp-content\plugins\academic\lib\paypal\process.php:295
Stack trace:
#0 {main}
  thrown in C:\wamp642\www\client_plugin\wp-content\plugins\academic\lib\paypal\process.php on line 295

2022-03-03T22:10:35+00:00 CRITICAL Uncaught Error: Call to undefined method database::query() in C:\wamp642\www\client_plugin\wp-content\plugins\academic\lib\paypal\process.php:295
Stack trace:
#0 {main}
  thrown in C:\wamp642\www\client_plugin\wp-content\plugins\academic\lib\paypal\process.php on line 295

2022-03-03T22:15:25+00:00 CRITICAL Uncaught Error: Call to undefined method database::prepare() in C:\wamp642\www\client_plugin\wp-content\plugins\academic\lib\paypal\process.php:325
Stack trace:
#0 {main}
  thrown in C:\wamp642\www\client_plugin\wp-content\plugins\academic\lib\paypal\process.php on line 325

2022-03-03T22:20:29+00:00 CRITICAL Uncaught Error: Call to undefined method database::prepare() in C:\wamp642\www\client_plugin\wp-content\plugins\academic\lib\paypal\process.php:325
Stack trace:
#0 {main}
  thrown in C:\wamp642\www\client_plugin\wp-content\plugins\academic\lib\paypal\process.php on line 325

2022-03-03T22:20:57+00:00 CRITICAL Uncaught Error: Call to undefined method database::prepare() in C:\wamp642\www\client_plugin\wp-content\plugins\academic\lib\paypal\process.php:325
Stack trace:
#0 {main}
  thrown in C:\wamp642\www\client_plugin\wp-content\plugins\academic\lib\paypal\process.php on line 325

2022-03-03T22:23:29+00:00 CRITICAL Uncaught Error: Call to undefined method database::prepare() in C:\wamp642\www\client_plugin\wp-content\plugins\academic\lib\paypal\process.php:326
Stack trace:
#0 {main}
  thrown in C:\wamp642\www\client_plugin\wp-content\plugins\academic\lib\paypal\process.php on line 326

2022-03-03T22:31:05+00:00 CRITICAL Uncaught Error: Call to undefined method database::prepare() in C:\wamp642\www\client_plugin\wp-content\plugins\academic\lib\paypal\process.php:326
Stack trace:
#0 {main}
  thrown in C:\wamp642\www\client_plugin\wp-content\plugins\academic\lib\paypal\process.php on line 326

2022-03-03T22:31:32+00:00 CRITICAL Uncaught Error: Call to undefined method database::prepare() in C:\wamp642\www\client_plugin\wp-content\plugins\academic\lib\paypal\process.php:326
Stack trace:
#0 {main}
  thrown in C:\wamp642\www\client_plugin\wp-content\plugins\academic\lib\paypal\process.php on line 326

2022-03-03T22:31:59+00:00 CRITICAL Uncaught Error: Call to undefined method database::prepare() in C:\wamp642\www\client_plugin\wp-content\plugins\academic\lib\paypal\process.php:326
Stack trace:
#0 {main}
  thrown in C:\wamp642\www\client_plugin\wp-content\plugins\academic\lib\paypal\process.php on line 326

2022-03-03T22:33:36+00:00 CRITICAL Uncaught Error: Call to undefined method database::prepare() in C:\wamp642\www\client_plugin\wp-content\plugins\academic\lib\paypal\process.php:326
Stack trace:
#0 {main}
  thrown in C:\wamp642\www\client_plugin\wp-content\plugins\academic\lib\paypal\process.php on line 326

2022-03-03T22:35:15+00:00 CRITICAL Uncaught Error: Call to a member function prepare() on null in C:\wamp642\www\client_plugin\wp-content\plugins\academic\lib\paypal\process.php:326
Stack trace:
#0 {main}
  thrown in C:\wamp642\www\client_plugin\wp-content\plugins\academic\lib\paypal\process.php on line 326

2022-03-03T22:36:45+00:00 CRITICAL Uncaught Error: Call to a member function execute() on bool in C:\wamp642\www\client_plugin\wp-content\plugins\academic\lib\paypal\process.php:328
Stack trace:
#0 {main}
  thrown in C:\wamp642\www\client_plugin\wp-content\plugins\academic\lib\paypal\process.php on line 328

2022-03-03T22:41:19+00:00 CRITICAL Uncaught Error: Call to a member function bind_param() on bool in C:\wamp642\www\client_plugin\wp-content\plugins\academic\lib\paypal\process.php:318
Stack trace:
#0 {main}
  thrown in C:\wamp642\www\client_plugin\wp-content\plugins\academic\lib\paypal\process.php on line 318

2022-03-03T22:44:40+00:00 CRITICAL Uncaught Error: Call to a member function bind_param() on bool in C:\wamp642\www\client_plugin\wp-content\plugins\academic\lib\paypal\process.php:319
Stack trace:
#0 {main}
  thrown in C:\wamp642\www\client_plugin\wp-content\plugins\academic\lib\paypal\process.php on line 319

